Arguments: 
  C:\Program Files\nodejs\node.exe C:\Users\cynth\AppData\Roaming\npm\node_modules\yarn\bin\yarn.js add react-native-countdown-component --save

PATH: 
  C:\Program Files\Git\mingw64\bin;C:\Program Files\Git\usr\bin;C:\Users\cynth\bin;C:\Users\cynth\bin;C:\Program Files\Git\mingw64\bin;C:\Program Files\Git\usr\local\bin;C:\Program Files\Git\usr\bin;C:\Program Files\Git\usr\bin;C:\Program Files\Git\mingw64\bin;C:\Program Files\Git\usr\bin;C:\Users\cynth\bin;C:\Windows\system32;C:\Windows;C:\Windows\System32\Wbem;C:\Windows\System32\WindowsPowerShell\v1.0;C:\Windows\System32\OpenSSH;C:\Program Files\Git\cmd;C:\Program Files\nodejs;C:\Program Files\MySQL\MySQL Server 8.0\bin;C:\Program Files\MongoDB\Server\4.2\bin;C:\Users\cynth\AppData\Local\Microsoft\WindowsApps;C:\Users\cynth\AppData\Local\Programs\Microsoft VS Code\bin;C:\Program Files\heroku\bin;C:\Users\cynth\AppData\Roaming\npm;C:\Program Files\Git\usr\bin\vendor_perl;C:\Program Files\Git\usr\bin\core_perl

Yarn version: 
  1.22.4

Node version: 
  12.16.1

Platform: 
  win32 x64

Trace: 
  Error: EPERM: operation not permitted, unlink 'C:\Users\cynth\documents\Homework_Assignments\couchparty\node_modules\@babel\core\node_modules\json5\dist'

npm manifest: 
  {
    "main": "node_modules/expo/AppEntry.js",
    "scripts": {
      "start": "expo start",
      "android": "expo start --android",
      "ios": "expo start --ios",
      "web": "expo start --web",
      "eject": "expo eject",
      "test": "jest --watchAll"
    },
    "jest": {
      "preset": "jest-expo"
    },
    "dependencies": {
      "@expo/vector-icons": "^10.0.0",
      "@react-native-community/masked-view": "0.1.6",
      "@react-navigation/bottom-tabs": "^5.3.1",
      "@react-navigation/native": "^5.2.1",
      "@react-navigation/stack": "^5.2.16",
      "expo": "~37.0.0",
      "expo-asset": "~8.1.0",
      "expo-constants": "~9.0.0",
      "expo-font": "~8.1.0",
      "expo-linking": "^1.0.0",
      "expo-web-browser": "~8.2.0",
      "firebase": "7.9.0",
      "native-base": "2.13.8",
      "react": "~16.9.0",
      "react-dom": "~16.9.0",
      "react-native": "https://github.com/expo/react-native/archive/sdk-37.0.1.tar.gz",
      "react-native-countdown-component": "^2.7.1",
      "react-native-gesture-handler": "^1.6.1",
      "react-native-gifted-chat": "^0.15.3",
      "react-native-safe-area-context": "0.7.3",
      "react-native-screens": "~2.2.0",
      "react-native-web": "~0.11.7",
      "react-navigation": "^4.3.9",
      "react-navigation-stack": "^2.4.0"
    },
    "devDependencies": {
      "@babel/core": "^7.8.6",
      "babel-preset-expo": "~8.1.0",
      "jest-expo": "~37.0.0"
    },
    "private": true
  }

yarn manifest: 
  No manifest

Lockfile: 
  No lockfile
